[25-May-2018 13:05:35 Europe/Berlin] 1 language code "en_US", encoding "iso-8859-1" not supported by your system
[25-May-2018 13:05:44 Europe/Berlin] 1 language code "en_US", encoding "iso-8859-1" not supported by your system
[25-May-2018 13:05:44 Europe/Berlin] 1 language code "en_US", encoding "iso-8859-1" not supported by your system
[25-May-2018 13:05:44 Europe/Berlin] 1 language code "en_US", encoding "iso-8859-1" not supported by your system
[25-May-2018 13:05:44 Europe/Berlin] 1 language code "en_US", encoding "iso-8859-1" not supported by your system
[25-May-2018 13:05:48 Europe/Berlin] 1 language code "en_US", encoding "iso-8859-1" not supported by your system
[25-May-2018 13:05:49 Europe/Berlin] 1 language code "en_US", encoding "iso-8859-1" not supported by your system
[25-May-2018 13:06:05 Europe/Berlin] 1 language code "en_US", encoding "iso-8859-1" not supported by your system
[25-May-2018 13:06:09 Europe/Berlin] 1 language code "en_US", encoding "iso-8859-1" not supported by your system
[25-May-2018 13:06:12 Europe/Berlin] 1 language code "en_US", encoding "iso-8859-1" not supported by your system
[25-May-2018 13:06:30 Europe/Berlin] 1 language code "en_US", encoding "iso-8859-1" not supported by your system
[25-May-2018 13:06:31 Europe/Berlin] 1 language code "en_US", encoding "iso-8859-1" not supported by your system
[25-May-2018 13:06:33 Europe/Berlin] 1 language code "en_US", encoding "iso-8859-1" not supported by your system
[25-May-2018 13:06:35 Europe/Berlin] 1 language code "en_US", encoding "iso-8859-1" not supported by your system
[25-May-2018 13:06:37 Europe/Berlin] 1 language code "en_US", encoding "iso-8859-1" not supported by your system
[25-May-2018 13:06:37 Europe/Berlin] 1 language code "en_US", encoding "iso-8859-1" not supported by your system
[25-May-2018 13:06:41 Europe/Berlin] 1 language code "en_US", encoding "iso-8859-1" not supported by your system
[25-May-2018 13:09:36 Europe/Berlin] 1 language code "en_US", encoding "iso-8859-1" not supported by your system
[25-May-2018 13:23:35 Europe/Berlin] 1 language code "en_US", encoding "iso-8859-1" not supported by your system
[25-May-2018 13:23:36 Europe/Berlin] 1 language code "en_US", encoding "iso-8859-1" not supported by your system
[25-May-2018 13:23:36 Europe/Berlin] 1 language code "en_US", encoding "iso-8859-1" not supported by your system
[25-May-2018 13:23:36 Europe/Berlin] 1 language code "en_US", encoding "iso-8859-1" not supported by your system
[25-May-2018 13:23:40 Europe/Berlin] 1 language code "en_US", encoding "iso-8859-1" not supported by your system
[25-May-2018 13:23:45 Europe/Berlin] 1 language code "en_US", encoding "iso-8859-1" not supported by your system
[25-May-2018 13:23:54 Europe/Berlin] 1 language code "en_US", encoding "iso-8859-1" not supported by your system
[25-May-2018 13:24:01 Europe/Berlin] 1 language code "en_US", encoding "iso-8859-1" not supported by your system
[25-May-2018 13:24:22 Europe/Berlin] 1 language code "en_US", encoding "iso-8859-1" not supported by your system
[25-May-2018 13:24:27 Europe/Berlin] 1 language code "en_US", encoding "iso-8859-1" not supported by your system
[25-May-2018 13:24:35 Europe/Berlin] 1 language code "en_US", encoding "iso-8859-1" not supported by your system
[25-May-2018 13:24:36 Europe/Berlin] 1 language code "en_US", encoding "iso-8859-1" not supported by your system
[25-May-2018 13:24:44 Europe/Berlin] 1 language code "en_US", encoding "iso-8859-1" not supported by your system
[25-May-2018 13:24:53 Europe/Berlin] 1 language code "en_US", encoding "iso-8859-1" not supported by your system
[25-May-2018 13:24:57 Europe/Berlin] 1 language code "en_US", encoding "iso-8859-1" not supported by your system
[25-May-2018 13:25:01 Europe/Berlin] 1 language code "en_US", encoding "iso-8859-1" not supported by your system
[25-May-2018 13:25:04 Europe/Berlin] 1 language code "en_US", encoding "iso-8859-1" not supported by your system
[25-May-2018 13:25:09 Europe/Berlin] 1 language code "en_US", encoding "iso-8859-1" not supported by your system
[25-May-2018 13:25:12 Europe/Berlin] 1 language code "en_US", encoding "iso-8859-1" not supported by your system
[25-May-2018 13:25:13 Europe/Berlin] 1 language code "en_US", encoding "iso-8859-1" not supported by your system
[25-May-2018 13:25:15 Europe/Berlin] 1 language code "en_US", encoding "iso-8859-1" not supported by your system
[25-May-2018 13:25:18 Europe/Berlin] 1 language code "en_US", encoding "iso-8859-1" not supported by your system
[25-May-2018 13:25:28 Europe/Berlin] 1 language code "en_US", encoding "iso-8859-1" not supported by your system
[25-May-2018 13:25:30 Europe/Berlin] 1 language code "en_US", encoding "iso-8859-1" not supported by your system
[25-May-2018 13:25:32 Europe/Berlin] 1 language code "en_US", encoding "iso-8859-1" not supported by your system
[25-May-2018 13:25:33 Europe/Berlin] 1 language code "en_US", encoding "iso-8859-1" not supported by your system
[25-May-2018 13:25:36 Europe/Berlin] 1 language code "en_US", encoding "iso-8859-1" not supported by your system
[25-May-2018 13:25:38 Europe/Berlin] 1 language code "en_US", encoding "iso-8859-1" not supported by your system
[25-May-2018 13:25:40 Europe/Berlin] 1 language code "en_US", encoding "iso-8859-1" not supported by your system
[25-May-2018 13:25:44 Europe/Berlin] 1 language code "en_US", encoding "iso-8859-1" not supported by your system
[25-May-2018 13:25:47 Europe/Berlin] 1 language code "en_US", encoding "iso-8859-1" not supported by your system
[25-May-2018 13:25:47 Europe/Berlin] 1 language code "en_US", encoding "iso-8859-1" not supported by your system
[25-May-2018 13:25:50 Europe/Berlin] 1 language code "en_US", encoding "iso-8859-1" not supported by your system
[25-May-2018 13:25:56 Europe/Berlin] 1 language code "en_US", encoding "iso-8859-1" not supported by your system
[25-May-2018 13:25:57 Europe/Berlin] 1 language code "en_US", encoding "iso-8859-1" not supported by your system
[25-May-2018 13:25:58 Europe/Berlin] 1 language code "en_US", encoding "iso-8859-1" not supported by your system
[25-May-2018 13:26:00 Europe/Berlin] 1 language code "en_US", encoding "iso-8859-1" not supported by your system
[25-May-2018 13:26:01 Europe/Berlin] 1 language code "en_US", encoding "iso-8859-1" not supported by your system
[25-May-2018 13:26:02 Europe/Berlin] 1 language code "en_US", encoding "iso-8859-1" not supported by your system
[25-May-2018 13:26:03 Europe/Berlin] 1 language code "en_US", encoding "iso-8859-1" not supported by your system
[08-Jun-2018 17:11:52 Europe/Berlin] 1 language code "en_US", encoding "iso-8859-1" not supported by your system
[08-Jun-2018 17:12:16 Europe/Berlin] 1 language code "en_US", encoding "iso-8859-1" not supported by your system
[08-Jun-2018 17:12:18 Europe/Berlin] 1 language code "en_US", encoding "iso-8859-1" not supported by your system
[08-Jun-2018 17:12:20 Europe/Berlin] 1 language code "en_US", encoding "iso-8859-1" not supported by your system
[08-Jun-2018 17:12:33 Europe/Berlin] 1 language code "en_US", encoding "iso-8859-1" not supported by your system
[08-Jun-2018 17:12:33 Europe/Berlin] 1 language code "en_US", encoding "iso-8859-1" not supported by your system
[08-Jun-2018 17:12:36 Europe/Berlin] 1 language code "en_US", encoding "iso-8859-1" not supported by your system
[08-Jun-2018 17:12:49 Europe/Berlin] 1 language code "en_US", encoding "iso-8859-1" not supported by your system
[08-Jun-2018 17:12:50 Europe/Berlin] 1 language code "en_US", encoding "iso-8859-1" not supported by your system
[08-Jun-2018 17:12:52 Europe/Berlin] 1 language code "en_US", encoding "iso-8859-1" not supported by your system
[08-Jun-2018 17:12:59 Europe/Berlin] 1 language code "en_US", encoding "iso-8859-1" not supported by your system
[08-Jun-2018 17:12:59 Europe/Berlin] 1 language code "en_US", encoding "iso-8859-1" not supported by your system
[08-Jun-2018 17:13:02 Europe/Berlin] 1 language code "en_US", encoding "iso-8859-1" not supported by your system
[08-Jun-2018 17:13:03 Europe/Berlin] 1 language code "en_US", encoding "iso-8859-1" not supported by your system
[08-Jun-2018 17:13:11 Europe/Berlin] 1 language code "en_US", encoding "iso-8859-1" not supported by your system
[08-Jun-2018 17:13:12 Europe/Berlin] 1 language code "en_US", encoding "iso-8859-1" not supported by your system
[08-Jun-2018 17:13:12 Europe/Berlin] 1 language code "en_US", encoding "iso-8859-1" not supported by your system
[08-Jun-2018 17:13:12 Europe/Berlin] 1 language code "en_US", encoding "iso-8859-1" not supported by your system
[08-Jun-2018 17:13:17 Europe/Berlin] 1 language code "en_US", encoding "iso-8859-1" not supported by your system
[08-Jun-2018 17:13:20 Europe/Berlin] 1 language code "en_US", encoding "iso-8859-1" not supported by your system
[08-Jun-2018 17:13:25 Europe/Berlin] 1 language code "en_US", encoding "iso-8859-1" not supported by your system
[08-Jun-2018 17:25:54 Europe/Berlin] 1 language code "en_US", encoding "iso-8859-1" not supported by your system
[08-Jun-2018 17:26:12 Europe/Berlin] 1 language code "en_US", encoding "iso-8859-1" not supported by your system
[08-Jun-2018 17:26:20 Europe/Berlin] 1 language code "en_US", encoding "iso-8859-1" not supported by your system
[08-Jun-2018 17:28:29 Europe/Berlin] 1 language code "en_US", encoding "iso-8859-1" not supported by your system
[08-Jun-2018 17:29:37 Europe/Berlin] 1 language code "en_US", encoding "iso-8859-1" not supported by your system
[08-Jun-2018 17:33:19 Europe/Berlin] 1 language code "en_US", encoding "iso-8859-1" not supported by your system
[08-Jun-2018 17:34:51 Europe/Berlin] 1 language code "en_US", encoding "iso-8859-1" not supported by your system
[08-Jun-2018 17:36:09 Europe/Berlin] 1 language code "en_US", encoding "iso-8859-1" not supported by your system
[08-Jun-2018 17:38:55 Europe/Berlin] 1 language code "en_US", encoding "iso-8859-1" not supported by your system
[08-Jun-2018 17:39:49 Europe/Berlin] 1 language code "en_US", encoding "iso-8859-1" not supported by your system
[08-Jun-2018 17:40:52 Europe/Berlin] 1 language code "en_US", encoding "iso-8859-1" not supported by your system
[08-Jun-2018 17:41:34 Europe/Berlin] 1 language code "en_US", encoding "iso-8859-1" not supported by your system
[08-Jun-2018 17:43:45 Europe/Berlin] 1 language code "en_US", encoding "iso-8859-1" not supported by your system
[08-Jun-2018 17:44:02 Europe/Berlin] 1 language code "en_US", encoding "iso-8859-1" not supported by your system
[08-Jun-2018 17:45:21 Europe/Berlin] 1 language code "en_US", encoding "iso-8859-1" not supported by your system
[08-Jun-2018 17:46:18 Europe/Berlin] 1 language code "en_US", encoding "iso-8859-1" not supported by your system
[08-Jun-2018 17:47:34 Europe/Berlin] 1 language code "en_US", encoding "iso-8859-1" not supported by your system
[08-Jun-2018 18:04:37 Europe/Berlin] 1 language code "en_US", encoding "iso-8859-1" not supported by your system
[08-Jun-2018 18:04:38 Europe/Berlin] 1 language code "en_US", encoding "iso-8859-1" not supported by your system
[08-Jun-2018 18:04:38 Europe/Berlin] 1 language code "en_US", encoding "iso-8859-1" not supported by your system
[08-Jun-2018 18:04:39 Europe/Berlin] 1 language code "en_US", encoding "iso-8859-1" not supported by your system
[08-Jun-2018 18:04:52 Europe/Berlin] 1 language code "en_US", encoding "iso-8859-1" not supported by your system
[08-Jun-2018 18:05:28 Europe/Berlin] 1 language code "en_US", encoding "iso-8859-1" not supported by your system
[08-Jun-2018 18:05:30 Europe/Berlin] 1 language code "en_US", encoding "iso-8859-1" not supported by your system
[08-Jun-2018 18:05:35 Europe/Berlin] 1 language code "en_US", encoding "iso-8859-1" not supported by your system
[08-Jun-2018 18:05:36 Europe/Berlin] 1 language code "en_US", encoding "iso-8859-1" not supported by your system
[08-Jun-2018 18:05:43 Europe/Berlin] 1 language code "en_US", encoding "iso-8859-1" not supported by your system
[08-Jun-2018 18:05:47 Europe/Berlin] 1 language code "en_US", encoding "iso-8859-1" not supported by your system
[08-Jun-2018 18:05:52 Europe/Berlin] 1 language code "en_US", encoding "iso-8859-1" not supported by your system
[08-Jun-2018 18:05:53 Europe/Berlin] 1 language code "en_US", encoding "iso-8859-1" not supported by your system
[08-Jun-2018 18:05:54 Europe/Berlin] 1 language code "en_US", encoding "iso-8859-1" not supported by your system
[08-Jun-2018 18:05:58 Europe/Berlin] 1 language code "en_US", encoding "iso-8859-1" not supported by your system
[08-Jun-2018 18:06:05 Europe/Berlin] 1 language code "en_US", encoding "iso-8859-1" not supported by your system
[08-Jun-2018 18:06:07 Europe/Berlin] 1 language code "en_US", encoding "iso-8859-1" not supported by your system
[08-Jun-2018 18:06:10 Europe/Berlin] 1 language code "en_US", encoding "iso-8859-1" not supported by your system
[09-Jun-2018 08:47:18 Europe/Berlin] 1 language code "en_US", encoding "iso-8859-1" not supported by your system
[09-Jun-2018 08:48:54 Europe/Berlin] 1 language code "en_US", encoding "iso-8859-1" not supported by your system
[09-Jun-2018 08:50:15 Europe/Berlin] 1 language code "en_US", encoding "iso-8859-1" not supported by your system
[09-Jun-2018 09:50:49 Europe/Berlin] 1 language code "en_US", encoding "iso-8859-1" not supported by your system
[09-Jun-2018 09:58:02 Europe/Berlin] 1 language code "en_US", encoding "iso-8859-1" not supported by your system
[09-Jun-2018 09:58:10 Europe/Berlin] 1 language code "en_US", encoding "iso-8859-1" not supported by your system
[09-Jun-2018 10:03:22 Europe/Berlin] 1 language code "en_US", encoding "iso-8859-1" not supported by your system
[09-Jun-2018 10:05:07 Europe/Berlin] 1 language code "en_US", encoding "iso-8859-1" not supported by your system
[09-Jun-2018 10:05:21 Europe/Berlin] 1 language code "en_US", encoding "iso-8859-1" not supported by your system
[09-Jun-2018 10:06:39 Europe/Berlin] 1 language code "en_US", encoding "iso-8859-1" not supported by your system
[09-Jun-2018 10:07:47 Europe/Berlin] 1 language code "en_US", encoding "iso-8859-1" not supported by your system
[09-Jun-2018 10:11:53 Europe/Berlin] 1 language code "en_US", encoding "iso-8859-1" not supported by your system
[09-Jun-2018 10:12:21 Europe/Berlin] 1 language code "en_US", encoding "iso-8859-1" not supported by your system
[09-Jun-2018 10:12:58 Europe/Berlin] 1 language code "en_US", encoding "iso-8859-1" not supported by your system
[09-Jun-2018 10:13:08 Europe/Berlin] 1 language code "en_US", encoding "iso-8859-1" not supported by your system
[09-Jun-2018 10:14:21 Europe/Berlin] 1 language code "en_US", encoding "iso-8859-1" not supported by your system
[09-Jun-2018 10:14:32 Europe/Berlin] 1 language code "en_US", encoding "iso-8859-1" not supported by your system
[09-Jun-2018 10:14:56 Europe/Berlin] 1 language code "en_US", encoding "iso-8859-1" not supported by your system
[09-Jun-2018 10:15:11 Europe/Berlin] 1 language code "en_US", encoding "iso-8859-1" not supported by your system
[09-Jun-2018 10:15:20 Europe/Berlin] 1 language code "en_US", encoding "iso-8859-1" not supported by your system
[09-Jun-2018 10:19:54 Europe/Berlin] 1 language code "en_US", encoding "iso-8859-1" not supported by your system
[09-Jun-2018 10:20:16 Europe/Berlin] 1 language code "en_US", encoding "iso-8859-1" not supported by your system
[09-Jun-2018 10:20:40 Europe/Berlin] 1 language code "en_US", encoding "iso-8859-1" not supported by your system
[09-Jun-2018 10:24:26 Europe/Berlin] 1 language code "en_US", encoding "iso-8859-1" not supported by your system
[09-Jun-2018 10:24:30 Europe/Berlin] 1 language code "en_US", encoding "iso-8859-1" not supported by your system
[09-Jun-2018 10:24:34 Europe/Berlin] 1 language code "en_US", encoding "iso-8859-1" not supported by your system
[09-Jun-2018 10:24:53 Europe/Berlin] 1 language code "en_US", encoding "iso-8859-1" not supported by your system
[09-Jun-2018 10:25:00 Europe/Berlin] 1 language code "en_US", encoding "iso-8859-1" not supported by your system
[09-Jun-2018 10:27:08 Europe/Berlin] 1 language code "en_US", encoding "iso-8859-1" not supported by your system
[09-Jun-2018 10:27:54 Europe/Berlin] 1 language code "en_US", encoding "iso-8859-1" not supported by your system
[09-Jun-2018 10:29:25 Europe/Berlin] 1 language code "en_US", encoding "iso-8859-1" not supported by your system
[09-Jun-2018 10:30:26 Europe/Berlin] 1 language code "en_US", encoding "iso-8859-1" not supported by your system
[09-Jun-2018 10:31:18 Europe/Berlin] 1 language code "en_US", encoding "iso-8859-1" not supported by your system
[09-Jun-2018 10:31:45 Europe/Berlin] 1 language code "en_US", encoding "iso-8859-1" not supported by your system
[09-Jun-2018 10:34:56 Europe/Berlin] 1 language code "en_US", encoding "iso-8859-1" not supported by your system
[09-Jun-2018 10:35:26 Europe/Berlin] 1 language code "en_US", encoding "iso-8859-1" not supported by your system
[09-Jun-2018 10:36:01 Europe/Berlin] 1 language code "en_US", encoding "iso-8859-1" not supported by your system
[09-Jun-2018 10:38:26 Europe/Berlin] 1 language code "en_US", encoding "iso-8859-1" not supported by your system
[09-Jun-2018 10:38:26 Europe/Berlin] 1 language code "en_US", encoding "iso-8859-1" not supported by your system
[09-Jun-2018 10:38:27 Europe/Berlin] 1 language code "en_US", encoding "iso-8859-1" not supported by your system
[09-Jun-2018 10:38:27 Europe/Berlin] 1 language code "en_US", encoding "iso-8859-1" not supported by your system
[09-Jun-2018 10:38:31 Europe/Berlin] 1 language code "en_US", encoding "iso-8859-1" not supported by your system
[09-Jun-2018 10:38:35 Europe/Berlin] 1 language code "en_US", encoding "iso-8859-1" not supported by your system
[09-Jun-2018 10:38:49 Europe/Berlin] 1 language code "en_US", encoding "iso-8859-1" not supported by your system
[09-Jun-2018 10:38:57 Europe/Berlin] 1 language code "en_US", encoding "iso-8859-1" not supported by your system
[09-Jun-2018 10:41:04 Europe/Berlin] 1 language code "en_US", encoding "iso-8859-1" not supported by your system
[09-Jun-2018 10:41:06 Europe/Berlin] 1 language code "en_US", encoding "iso-8859-1" not supported by your system
[09-Jun-2018 10:41:08 Europe/Berlin] 1 language code "en_US", encoding "iso-8859-1" not supported by your system
[09-Jun-2018 10:42:24 Europe/Berlin] 1 language code "en_US", encoding "iso-8859-1" not supported by your system
[09-Jun-2018 10:43:00 Europe/Berlin] 1 language code "en_US", encoding "iso-8859-1" not supported by your system
[09-Jun-2018 10:47:29 Europe/Berlin] 1 language code "en_US", encoding "iso-8859-1" not supported by your system
[09-Jun-2018 10:47:41 Europe/Berlin] 1 language code "en_US", encoding "iso-8859-1" not supported by your system
[09-Jun-2018 10:48:45 Europe/Berlin] 1 language code "en_US", encoding "iso-8859-1" not supported by your system
[09-Jun-2018 10:49:20 Europe/Berlin] 1 language code "en_US", encoding "iso-8859-1" not supported by your system
[09-Jun-2018 10:50:02 Europe/Berlin] 1 language code "en_US", encoding "iso-8859-1" not supported by your system
[09-Jun-2018 10:52:03 Europe/Berlin] 1 language code "en_US", encoding "iso-8859-1" not supported by your system
[09-Jun-2018 10:52:25 Europe/Berlin] 1 language code "en_US", encoding "iso-8859-1" not supported by your system
[09-Jun-2018 10:53:17 Europe/Berlin] 1 language code "en_US", encoding "iso-8859-1" not supported by your system
[09-Jun-2018 10:55:14 Europe/Berlin] 1 language code "en_US", encoding "iso-8859-1" not supported by your system
[09-Jun-2018 10:58:12 Europe/Berlin] 1 language code "en_US", encoding "iso-8859-1" not supported by your system
[09-Jun-2018 10:58:41 Europe/Berlin] 1 language code "en_US", encoding "iso-8859-1" not supported by your system
[09-Jun-2018 10:58:59 Europe/Berlin] 1 language code "en_US", encoding "iso-8859-1" not supported by your system
[09-Jun-2018 11:00:14 Europe/Berlin] 1 language code "en_US", encoding "iso-8859-1" not supported by your system
[09-Jun-2018 11:01:15 Europe/Berlin] 1 language code "en_US", encoding "iso-8859-1" not supported by your system
[09-Jun-2018 11:19:17 Europe/Berlin] 1 language code "en_US", encoding "iso-8859-1" not supported by your system
[09-Jun-2018 11:20:02 Europe/Berlin] 1 language code "en_US", encoding "iso-8859-1" not supported by your system
[09-Jun-2018 11:22:04 Europe/Berlin] 1 language code "en_US", encoding "iso-8859-1" not supported by your system
[09-Jun-2018 11:23:20 Europe/Berlin] 1 language code "en_US", encoding "iso-8859-1" not supported by your system
[09-Jun-2018 11:23:50 Europe/Berlin] 1 language code "en_US", encoding "iso-8859-1" not supported by your system
[09-Jun-2018 11:26:40 Europe/Berlin] 1 language code "en_US", encoding "iso-8859-1" not supported by your system
[09-Jun-2018 11:27:17 Europe/Berlin] 1 language code "en_US", encoding "iso-8859-1" not supported by your system
[09-Jun-2018 11:31:27 Europe/Berlin] 1 language code "en_US", encoding "iso-8859-1" not supported by your system
[09-Jun-2018 11:34:14 Europe/Berlin] 1 language code "en_US", encoding "iso-8859-1" not supported by your system
[09-Jun-2018 11:36:11 Europe/Berlin] 1 language code "en_US", encoding "iso-8859-1" not supported by your system
[09-Jun-2018 11:36:44 Europe/Berlin] 1 language code "en_US", encoding "iso-8859-1" not supported by your system
[09-Jun-2018 11:36:45 Europe/Berlin] 1 language code "en_US", encoding "iso-8859-1" not supported by your system
[09-Jun-2018 11:36:45 Europe/Berlin] 1 language code "en_US", encoding "iso-8859-1" not supported by your system
[09-Jun-2018 11:36:45 Europe/Berlin] 1 language code "en_US", encoding "iso-8859-1" not supported by your system
[09-Jun-2018 11:36:48 Europe/Berlin] 1 language code "en_US", encoding "iso-8859-1" not supported by your system
[09-Jun-2018 11:37:31 Europe/Berlin] 1 language code "en_US", encoding "iso-8859-1" not supported by your system
[09-Jun-2018 11:37:35 Europe/Berlin] 1 language code "en_US", encoding "iso-8859-1" not supported by your system
[09-Jun-2018 11:38:04 Europe/Berlin] 1 language code "en_US", encoding "iso-8859-1" not supported by your system
[09-Jun-2018 11:38:51 Europe/Berlin] 1 language code "en_US", encoding "iso-8859-1" not supported by your system
[09-Jun-2018 11:38:53 Europe/Berlin] 1 language code "en_US", encoding "iso-8859-1" not supported by your system
[09-Jun-2018 11:39:47 Europe/Berlin] 1 language code "en_US", encoding "iso-8859-1" not supported by your system
[09-Jun-2018 11:40:01 Europe/Berlin] 1 language code "en_US", encoding "iso-8859-1" not supported by your system
[09-Jun-2018 11:40:01 Europe/Berlin] 1 language code "en_US", encoding "iso-8859-1" not supported by your system
[09-Jun-2018 11:40:01 Europe/Berlin] 1 language code "en_US", encoding "iso-8859-1" not supported by your system
[09-Jun-2018 11:40:01 Europe/Berlin] 1 language code "en_US", encoding "iso-8859-1" not supported by your system
[09-Jun-2018 11:40:04 Europe/Berlin] 1 language code "en_US", encoding "iso-8859-1" not supported by your system
[09-Jun-2018 11:40:48 Europe/Berlin] 1 language code "en_US", encoding "iso-8859-1" not supported by your system
[09-Jun-2018 11:40:51 Europe/Berlin] 1 language code "en_US", encoding "iso-8859-1" not supported by your system
[09-Jun-2018 11:41:36 Europe/Berlin] 1 language code "en_US", encoding "iso-8859-1" not supported by your system
[09-Jun-2018 11:41:41 Europe/Berlin] 1 language code "en_US", encoding "iso-8859-1" not supported by your system
[09-Jun-2018 11:41:52 Europe/Berlin] 1 language code "en_US", encoding "iso-8859-1" not supported by your system
[09-Jun-2018 11:41:57 Europe/Berlin] 1 language code "en_US", encoding "iso-8859-1" not supported by your system
[09-Jun-2018 11:42:08 Europe/Berlin] 1 language code "en_US", encoding "iso-8859-1" not supported by your system
[09-Jun-2018 11:42:08 Europe/Berlin] 1 language code "en_US", encoding "iso-8859-1" not supported by your system
[09-Jun-2018 11:42:08 Europe/Berlin] 1 language code "en_US", encoding "iso-8859-1" not supported by your system
[09-Jun-2018 11:42:08 Europe/Berlin] 1 language code "en_US", encoding "iso-8859-1" not supported by your system
[09-Jun-2018 11:42:10 Europe/Berlin] 1 language code "en_US", encoding "iso-8859-1" not supported by your system
[09-Jun-2018 11:42:33 Europe/Berlin] 1 language code "en_US", encoding "iso-8859-1" not supported by your system
[09-Jun-2018 11:43:10 Europe/Berlin] 1 language code "en_US", encoding "iso-8859-1" not supported by your system
[09-Jun-2018 11:43:10 Europe/Berlin] 1 language code "en_US", encoding "iso-8859-1" not supported by your system
[09-Jun-2018 11:43:10 Europe/Berlin] 1 language code "en_US", encoding "iso-8859-1" not supported by your system
[09-Jun-2018 11:43:10 Europe/Berlin] 1 language code "en_US", encoding "iso-8859-1" not supported by your system
[09-Jun-2018 11:43:12 Europe/Berlin] 1 language code "en_US", encoding "iso-8859-1" not supported by your system
[09-Jun-2018 11:43:12 Europe/Berlin] 1 language code "en_US", encoding "iso-8859-1" not supported by your system
[09-Jun-2018 11:43:31 Europe/Berlin] 1 language code "en_US", encoding "iso-8859-1" not supported by your system
[09-Jun-2018 11:43:31 Europe/Berlin] 1 language code "en_US", encoding "iso-8859-1" not supported by your system
[09-Jun-2018 11:43:31 Europe/Berlin] 1 language code "en_US", encoding "iso-8859-1" not supported by your system
[09-Jun-2018 11:43:31 Europe/Berlin] 1 language code "en_US", encoding "iso-8859-1" not supported by your system
[09-Jun-2018 11:43:34 Europe/Berlin] 1 language code "en_US", encoding "iso-8859-1" not supported by your system
[09-Jun-2018 11:48:24 Europe/Berlin] 1 language code "en_US", encoding "iso-8859-1" not supported by your system
[09-Jun-2018 11:53:08 Europe/Berlin] 1 language code "en_US", encoding "iso-8859-1" not supported by your system
[09-Jun-2018 11:53:18 Europe/Berlin] 1 language code "en_US", encoding "iso-8859-1" not supported by your system
[09-Jun-2018 11:53:18 Europe/Berlin] 1 language code "en_US", encoding "iso-8859-1" not supported by your system
[09-Jun-2018 11:53:18 Europe/Berlin] 1 language code "en_US", encoding "iso-8859-1" not supported by your system
[09-Jun-2018 11:53:19 Europe/Berlin] 1 language code "en_US", encoding "iso-8859-1" not supported by your system
[09-Jun-2018 11:53:24 Europe/Berlin] 1 language code "en_US", encoding "iso-8859-1" not supported by your system
[09-Jun-2018 11:53:55 Europe/Berlin] 1 language code "en_US", encoding "iso-8859-1" not supported by your system
[09-Jun-2018 11:53:55 Europe/Berlin] 0:admin:footer.inc:16: Unhandled exception [0]: syntax error, unexpected '<'.
[09-Jun-2018 11:54:00 Europe/Berlin] 1 language code "en_US", encoding "iso-8859-1" not supported by your system
[09-Jun-2018 11:54:00 Europe/Berlin] 0:admin:footer.inc:16: Unhandled exception [0]: syntax error, unexpected '<'.
[09-Jun-2018 11:54:19 Europe/Berlin] 1 language code "en_US", encoding "iso-8859-1" not supported by your system
[09-Jun-2018 11:55:36 Europe/Berlin] 1 language code "en_US", encoding "iso-8859-1" not supported by your system
[09-Jun-2018 11:55:42 Europe/Berlin] 1 language code "en_US", encoding "iso-8859-1" not supported by your system
[09-Jun-2018 11:55:46 Europe/Berlin] 1 language code "en_US", encoding "iso-8859-1" not supported by your system
[09-Jun-2018 11:55:57 Europe/Berlin] 1 language code "en_US", encoding "iso-8859-1" not supported by your system
[09-Jun-2018 11:55:57 Europe/Berlin] 0:admin:footer.inc:16: Unhandled exception [0]: syntax error, unexpected '<'.
[09-Jun-2018 12:03:17 Europe/Berlin] 1 language code "en_US", encoding "iso-8859-1" not supported by your system
[09-Jun-2018 12:03:17 Europe/Berlin] 0:admin:footer.inc:16: Unhandled exception [0]: syntax error, unexpected '<'.
[09-Jun-2018 12:04:47 Europe/Berlin] 1 language code "en_US", encoding "iso-8859-1" not supported by your system
[09-Jun-2018 12:04:47 Europe/Berlin] 0:admin:footer.inc:16: Unhandled exception [0]: syntax error, unexpected '<'.
[09-Jun-2018 12:04:53 Europe/Berlin] 1 language code "en_US", encoding "iso-8859-1" not supported by your system
[09-Jun-2018 12:04:53 Europe/Berlin] 0:admin:footer.inc:16: Unhandled exception [0]: syntax error, unexpected '<'.
[09-Jun-2018 12:05:41 Europe/Berlin] 1 language code "en_US", encoding "iso-8859-1" not supported by your system
[09-Jun-2018 12:05:41 Europe/Berlin] 0:admin:footer.inc:16: Unhandled exception [0]: syntax error, unexpected '<'.
[09-Jun-2018 12:05:47 Europe/Berlin] 1 language code "en_US", encoding "iso-8859-1" not supported by your system
[09-Jun-2018 12:05:47 Europe/Berlin] 0:admin:footer.inc:16: Unhandled exception [0]: syntax error, unexpected '<'.
[09-Jun-2018 12:05:49 Europe/Berlin] 1 language code "en_US", encoding "iso-8859-1" not supported by your system
[09-Jun-2018 12:05:49 Europe/Berlin] 0:admin:footer.inc:16: Unhandled exception [0]: syntax error, unexpected '<'.
[09-Jun-2018 12:05:54 Europe/Berlin] 1 language code "en_US", encoding "iso-8859-1" not supported by your system
[09-Jun-2018 12:05:54 Europe/Berlin] 0:admin:footer.inc:16: Unhandled exception [0]: syntax error, unexpected '<'.
[09-Jun-2018 12:05:57 Europe/Berlin] 1 language code "en_US", encoding "iso-8859-1" not supported by your system
[09-Jun-2018 12:05:57 Europe/Berlin] 0:admin:footer.inc:16: Unhandled exception [0]: syntax error, unexpected '<'.
[09-Jun-2018 12:05:59 Europe/Berlin] 1 language code "en_US", encoding "iso-8859-1" not supported by your system
[09-Jun-2018 12:05:59 Europe/Berlin] 0:admin:footer.inc:16: Unhandled exception [0]: syntax error, unexpected '<'.
[09-Jun-2018 12:06:02 Europe/Berlin] 1 language code "en_US", encoding "iso-8859-1" not supported by your system
[09-Jun-2018 12:06:02 Europe/Berlin] 0:admin:footer.inc:16:[before upgrade] Unhandled exception [0]: syntax error, unexpected '<'.
[09-Jun-2018 12:06:10 Europe/Berlin] 1 language code "en_US", encoding "iso-8859-1" not supported by your system
[09-Jun-2018 12:06:10 Europe/Berlin] 0:admin:footer.inc:16:[before upgrade] Unhandled exception [0]: syntax error, unexpected '<'.
[09-Jun-2018 12:06:42 Europe/Berlin] 1 language code "en_US", encoding "iso-8859-1" not supported by your system
[09-Jun-2018 12:06:42 Europe/Berlin] 0::footer.inc:16:[before upgrade] Unhandled exception [0]: syntax error, unexpected '<'.
[09-Jun-2018 12:06:50 Europe/Berlin] 1 language code "en_US", encoding "iso-8859-1" not supported by your system
[09-Jun-2018 12:06:50 Europe/Berlin] 0::footer.inc:16:[before upgrade] Unhandled exception [0]: syntax error, unexpected '<'.
[09-Jun-2018 12:06:50 Europe/Berlin] 1 language code "en_US", encoding "iso-8859-1" not supported by your system
[09-Jun-2018 12:07:03 Europe/Berlin] 1 language code "en_US", encoding "iso-8859-1" not supported by your system
[09-Jun-2018 12:07:21 Europe/Berlin] 1 language code "en_US", encoding "iso-8859-1" not supported by your system
[09-Jun-2018 12:07:22 Europe/Berlin] 1 language code "en_US", encoding "iso-8859-1" not supported by your system
[09-Jun-2018 12:07:22 Europe/Berlin] 1 language code "en_US", encoding "iso-8859-1" not supported by your system
[09-Jun-2018 12:07:22 Europe/Berlin] 1 language code "en_US", encoding "iso-8859-1" not supported by your system
[09-Jun-2018 12:07:22 Europe/Berlin] 0:admin:footer.inc:16: Unhandled exception [0]: syntax error, unexpected '<'.
[09-Jun-2018 12:07:24 Europe/Berlin] 1 language code "en_US", encoding "iso-8859-1" not supported by your system
[09-Jun-2018 12:07:24 Europe/Berlin] 0::footer.inc:16:[before upgrade] Unhandled exception [0]: syntax error, unexpected '<'.
[09-Jun-2018 12:07:24 Europe/Berlin] 1 language code "en_US", encoding "iso-8859-1" not supported by your system
[09-Jun-2018 12:16:42 Europe/Berlin] 1 language code "en_US", encoding "iso-8859-1" not supported by your system
[09-Jun-2018 12:16:42 Europe/Berlin] 1 language code "en_US", encoding "iso-8859-1" not supported by your system
[09-Jun-2018 12:16:42 Europe/Berlin] 1 language code "en_US", encoding "iso-8859-1" not supported by your system
[09-Jun-2018 12:16:42 Europe/Berlin] 1 language code "en_US", encoding "iso-8859-1" not supported by your system
[09-Jun-2018 12:16:42 Europe/Berlin] 0:admin:footer.inc:16: Unhandled exception [0]: syntax error, unexpected '<'.
[09-Jun-2018 12:16:47 Europe/Berlin] 1 language code "en_US", encoding "iso-8859-1" not supported by your system
[09-Jun-2018 12:16:47 Europe/Berlin] 0:admin:footer.inc:16: Unhandled exception [0]: syntax error, unexpected '<'.
[09-Jun-2018 12:16:52 Europe/Berlin] 1 language code "en_US", encoding "iso-8859-1" not supported by your system
[09-Jun-2018 12:16:52 Europe/Berlin] 0:admin:footer.inc:16: Unhandled exception [0]: syntax error, unexpected '<'.
[09-Jun-2018 12:16:54 Europe/Berlin] 1 language code "en_US", encoding "iso-8859-1" not supported by your system
[09-Jun-2018 12:16:55 Europe/Berlin] 0:admin:footer.inc:16: Unhandled exception [0]: syntax error, unexpected '<'.
[09-Jun-2018 12:24:26 Europe/Berlin] 1 language code "en_US", encoding "iso-8859-1" not supported by your system
[09-Jun-2018 12:24:26 Europe/Berlin] 0:admin:footer.inc:16: Unhandled exception [0]: syntax error, unexpected '<'.
[09-Jun-2018 12:24:29 Europe/Berlin] 1 language code "en_US", encoding "iso-8859-1" not supported by your system
[09-Jun-2018 12:24:29 Europe/Berlin] 0:admin:footer.inc:16: Unhandled exception [0]: syntax error, unexpected '<'.
[09-Jun-2018 12:24:29 Europe/Berlin] 1 language code "en_US", encoding "iso-8859-1" not supported by your system
[09-Jun-2018 12:24:29 Europe/Berlin] 0:admin:footer.inc:16: Unhandled exception [0]: syntax error, unexpected '<'.
[09-Jun-2018 12:24:29 Europe/Berlin] 1 language code "en_US", encoding "iso-8859-1" not supported by your system
[09-Jun-2018 12:24:29 Europe/Berlin] 0:admin:footer.inc:16: Unhandled exception [0]: syntax error, unexpected '<'.
[09-Jun-2018 12:24:29 Europe/Berlin] 1 language code "en_US", encoding "iso-8859-1" not supported by your system
[09-Jun-2018 12:24:29 Europe/Berlin] 0:admin:footer.inc:16: Unhandled exception [0]: syntax error, unexpected '<'.
[09-Jun-2018 12:24:51 Europe/Berlin] 1 language code "en_US", encoding "iso-8859-1" not supported by your system
[09-Jun-2018 12:24:51 Europe/Berlin] 0::footer.inc:16:[before upgrade] Unhandled exception [0]: syntax error, unexpected '<'.
[09-Jun-2018 12:24:52 Europe/Berlin] 1 language code "en_US", encoding "iso-8859-1" not supported by your system
[09-Jun-2018 12:25:02 Europe/Berlin] 1 language code "en_US", encoding "iso-8859-1" not supported by your system
[09-Jun-2018 12:25:13 Europe/Berlin] 1 language code "en_US", encoding "iso-8859-1" not supported by your system
[09-Jun-2018 12:25:13 Europe/Berlin] 1 language code "en_US", encoding "iso-8859-1" not supported by your system
[09-Jun-2018 12:25:13 Europe/Berlin] 1 language code "en_US", encoding "iso-8859-1" not supported by your system
[09-Jun-2018 12:25:13 Europe/Berlin] 1 language code "en_US", encoding "iso-8859-1" not supported by your system
[09-Jun-2018 12:25:13 Europe/Berlin] 0:admin:footer.inc:16: Unhandled exception [0]: syntax error, unexpected '<'.
[09-Jun-2018 12:25:18 Europe/Berlin] 1 language code "en_US", encoding "iso-8859-1" not supported by your system
[09-Jun-2018 12:25:19 Europe/Berlin] 0:admin:footer.inc:16: Unhandled exception [0]: syntax error, unexpected '<'.
[09-Jun-2018 12:28:56 Europe/Berlin] 1 language code "en_US", encoding "iso-8859-1" not supported by your system
[09-Jun-2018 12:28:56 Europe/Berlin] 0:admin:footer.inc:16: Unhandled exception [0]: syntax error, unexpected '<'.
[09-Jun-2018 12:28:58 Europe/Berlin] 1 language code "en_US", encoding "iso-8859-1" not supported by your system
[09-Jun-2018 12:28:58 Europe/Berlin] 0:admin:footer.inc:16: Unhandled exception [0]: syntax error, unexpected '<'.
[09-Jun-2018 12:29:00 Europe/Berlin] 1 language code "en_US", encoding "iso-8859-1" not supported by your system
[09-Jun-2018 12:29:00 Europe/Berlin] 0::footer.inc:16:[before upgrade] Unhandled exception [0]: syntax error, unexpected '<'.
[09-Jun-2018 12:29:00 Europe/Berlin] 1 language code "en_US", encoding "iso-8859-1" not supported by your system
[09-Jun-2018 12:32:00 Europe/Berlin] 1 language code "en_US", encoding "iso-8859-1" not supported by your system
[09-Jun-2018 12:32:05 Europe/Berlin] 1 language code "en_US", encoding "iso-8859-1" not supported by your system
[09-Jun-2018 12:32:15 Europe/Berlin] 1 language code "en_US", encoding "iso-8859-1" not supported by your system
[09-Jun-2018 12:32:15 Europe/Berlin] 1 language code "en_US", encoding "iso-8859-1" not supported by your system
[09-Jun-2018 12:32:15 Europe/Berlin] 1 language code "en_US", encoding "iso-8859-1" not supported by your system
[09-Jun-2018 12:32:15 Europe/Berlin] 1 language code "en_US", encoding "iso-8859-1" not supported by your system
[09-Jun-2018 12:33:42 Europe/Berlin] 1 language code "en_US", encoding "iso-8859-1" not supported by your system
[09-Jun-2018 12:33:44 Europe/Berlin] 1 language code "en_US", encoding "iso-8859-1" not supported by your system
[09-Jun-2018 12:33:51 Europe/Berlin] 1 language code "en_US", encoding "iso-8859-1" not supported by your system
[09-Jun-2018 12:33:55 Europe/Berlin] 1 language code "en_US", encoding "iso-8859-1" not supported by your system
[09-Jun-2018 12:36:38 Europe/Berlin] 1 language code "en_US", encoding "iso-8859-1" not supported by your system
[09-Jun-2018 12:36:49 Europe/Berlin] 1 language code "en_US", encoding "iso-8859-1" not supported by your system
